<?xml version="1.0" encoding="UTF-8"?>
<testng-results skipped="0" failed="0" total="1" passed="1">
  <reporter-output>
  </reporter-output>
  <suite name="Default suite" duration-ms="12674" started-at="2020-02-23T23:10:52Z" finished-at="2020-02-23T23:11:05Z">
    <groups>
      <group name="cucumber">
        <method signature="AbstractTestNGCucumberTests.feature(cucumber.api.testng.CucumberFeatureWrapper)[pri:0, instance:bdd.runners.RunnerClass@5e3a8624]" name="feature" class="cucumber.api.testng.AbstractTestNGCucumberTests"/>
      </group> <!-- cucumber -->
    </groups>
    <test name="Default test" duration-ms="12674" started-at="2020-02-23T23:10:52Z" finished-at="2020-02-23T23:11:05Z">
      <class name="bdd.runners.RunnerClass">
        <test-method status="PASS" signature="setUpClass()[pri:0, instance:bdd.runners.RunnerClass@5e3a8624]" name="setUpClass" is-config="true" duration-ms="263" started-at="2020-02-23T18:10:52Z" finished-at="2020-02-23T18:10:52Z">
          <reporter-output>
          </reporter-output>
        </test-method> <!-- setUpClass -->
        <test-method status="PASS" signature="feature(cucumber.api.testng.CucumberFeatureWrapper)[pri:0, instance:bdd.runners.RunnerClass@5e3a8624]" name="feature" duration-ms="11912" started-at="2020-02-23T18:10:52Z" description="Runs Cucumber Feature" data-provider="features" finished-at="2020-02-23T18:11:04Z">
          <params>
            <param index="0">
              <value>
                <![CDATA[Users ability to search in google]]>
              </value>
            </param>
          </params>
          <reporter-output>
          </reporter-output>
        </test-method> <!-- feature -->
        <test-method status="PASS" signature="writeExtentReport()[pri:0, instance:bdd.runners.RunnerClass@5e3a8624]" name="writeExtentReport" is-config="true" duration-ms="25" started-at="2020-02-23T18:11:04Z" finished-at="2020-02-23T18:11:04Z">
          <reporter-output>
          </reporter-output>
        </test-method> <!-- writeExtentReport -->
        <test-method status="PASS" signature="tearDownClass()[pri:0, instance:bdd.runners.RunnerClass@5e3a8624]" name="tearDownClass" is-config="true" duration-ms="384" started-at="2020-02-23T18:11:04Z" finished-at="2020-02-23T18:11:05Z">
          <reporter-output>
          </reporter-output>
        </test-method> <!-- tearDownClass -->
      </class> <!-- bdd.runners.RunnerClass -->
    </test> <!-- Default test -->
  </suite> <!-- Default suite -->
</testng-results>
